\BOOKMARK [0][-]{chapter.1}{\376\377\000P\000o\000p\000i\000s\000\040\000p\000r\000o\000b\000l\000\351\000m\000u\000,\000\040\000s\000p\000e\000c\000i\000f\000i\000k\000a\000c\000e\000\040\000c\000\355\000l\000e}{}
\BOOKMARK [1][-]{section.1.1}{\376\377\000R\000e\001\141\000e\000r\001\141\000n\000\355\000\040\000z\000p\000r\000a\000c\000o\000v\000\341\000n\000\355\000\040\000e\000x\000i\000s\000t\000u\000j\000\355\000c\000\355\000c\000h\000\040\000o\000n\000t\000o\000l\000o\000g\000i\000\355}{chapter.1}
\BOOKMARK [2][-]{subsection.1.1.1}{\376\377\000U\000n\000i\000v\000-\000B\000e\000n\000c\000h}{section.1.1}
\BOOKMARK [2][-]{subsection.1.1.2}{\376\377\000A\000c\000a\000d\000e\000m\000i\000c\000\040\000I\000n\000s\000t\000i\000t\000u\000t\000i\000o\000n\000\040\000I\000n\000t\000e\000r\000n\000a\000l\000\040\000S\000t\000r\000u\000c\000t\000u\000r\000e\000\040\000O\000n\000t\000o\000l\000o\000g\000y}{section.1.1}
\BOOKMARK [2][-]{subsection.1.1.3}{\376\377\000H\000i\000g\000h\000e\000r\000\040\000E\000d\000u\000c\000a\000t\000i\000o\000n\000\040\000R\000e\000f\000e\000r\000e\000n\000c\000e\000\040\000O\000n\000t\000o\000l\000o\000g\000y}{section.1.1}
\BOOKMARK [2][-]{subsection.1.1.4}{\376\377\000U\000n\000i\000v\000e\000r\000s\000i\000t\000y\000\040\000O\000n\000t\000o\000l\000o\000g\000y}{section.1.1}
\BOOKMARK [2][-]{subsection.1.1.5}{\376\377\000U\000n\000i\000v\000e\000r\000s\000i\000t\000y\000\040\000O\000n\000t\000o\000l\000o\000g\000y}{section.1.1}
\BOOKMARK [1][-]{section.1.2}{\376\377\000R\000e\001\141\000e\000r\001\141\000n\000\355\000\040\000z\000p\000r\000a\000c\000o\000v\000\341\000n\000\355\000\040\000e\000x\000i\000s\000t\000u\000j\000\355\000c\000\355\000c\000h\000\040\000m\000o\000b\000i\000l\000n\000\355\000c\000h\000\040\000a\000p\000l\000i\000k\000a\000c\000\355}{chapter.1}
\BOOKMARK [2][-]{subsection.1.2.1}{\376\377\000M\000o\000b\000i\000l\000n\000\355\000\040\000n\000a\000v\000i\000g\000a\001\015\000n\000\355\000\040\000s\000y\000s\000t\000\351\000m\000\040\000p\000r\000o\000\040\000F\000E\000L\000\040\001\014\000V\000U\000T}{section.1.2}
\BOOKMARK [2][-]{subsection.1.2.2}{\376\377\000P\000r\001\157\000v\000o\000d\000c\000e\000\040\001\014\000V\000U\000T}{section.1.2}
\BOOKMARK [2][-]{subsection.1.2.3}{\376\377\001\014\000V\000U\000T\000\040\000n\000a\000v\000i\000g\000\341\000t\000o\000r}{section.1.2}
\BOOKMARK [2][-]{subsection.1.2.4}{\376\377\000O\000s\000t\000a\000t\000n\000\355\000\040\000p\000r\001\157\000v\000o\000d\000c\000i\000\040\001\014\000V\000U\000T}{section.1.2}
\BOOKMARK [2][-]{subsection.1.2.5}{\376\377\000O\000s\000t\000a\000t\000n\000\355\000\040\000p\000r\001\157\000v\000o\000d\000c\000i\000\040\000u\000n\000i\000v\000e\000r\000z\000i\000t\000a\000m\000i}{section.1.2}
\BOOKMARK [3][-]{subsubsection.1.2.5.1}{\376\377\000V\000l\000a\000s\000t\000n\000\355\000\040\000p\000r\001\157\000v\000o\000d\000c\000i}{subsection.1.2.5}
\BOOKMARK [3][-]{subsubsection.1.2.5.2}{\376\377\000c\000a\000m\000p\000u\000s\000M}{subsection.1.2.5}
\BOOKMARK [3][-]{subsubsection.1.2.5.3}{\376\377\000g\000u\000i\000d\000e\000b\000o\000o\000k}{subsection.1.2.5}
\BOOKMARK [2][-]{subsection.1.2.6}{\376\377\000O\000s\000t\000a\000t\000n\000\355\000\040\000p\000r\001\157\000v\000o\000d\000c\000i}{section.1.2}
\BOOKMARK [3][-]{subsubsection.1.2.6.1}{\376\377\000P\001\131\000\355\000k\000l\000a\000d\000y\000\040\000f\000u\000n\000k\000c\000i\000o\000n\000a\000l\000i\000t}{subsection.1.2.6}
\BOOKMARK [3][-]{subsubsection.1.2.6.2}{\376\377\000P\001\131\000\355\000k\000l\000a\000d\000y\000\040\000a\000p\000l\000i\000k\000a\000c\000\355}{subsection.1.2.6}
\BOOKMARK [0][-]{chapter.2}{\376\377\000A\000n\000a\000l\000\375\000z\000a\000\040\000a\000\040\000n\000\341\000v\000r\000h\000\040\001\131\000e\001\141\000e\000n\000\355}{}
\BOOKMARK [1][-]{section.2.1}{\376\377\000F\000u\000n\000k\001\015\000n\000\355\000\040\000p\000o\001\176\000a\000d\000a\000v\000k\000y\000\040\000n\000a\000\040\000s\000e\000r\000v\000e\000r\000o\000v\000o\000u\000\040\000a\000p\000l\000i\000k\000a\000c\000i}{chapter.2}
\BOOKMARK [1][-]{section.2.2}{\376\377\000N\000e\000f\000u\000n\000k\001\015\000n\000\355\000\040\000p\000o\001\176\000a\000d\000a\000v\000k\000y\000\040\000n\000a\000\040\000s\000e\000r\000v\000e\000r\000o\000v\000o\000u\000\040\000a\000p\000l\000i\000k\000a\000c\000i}{chapter.2}
\BOOKMARK [1][-]{section.2.3}{\376\377\000F\000u\000n\000k\001\015\000n\000\355\000\040\000p\000o\001\176\000a\000d\000a\000v\000k\000y\000\040\000n\000a\000\040\000m\000o\000b\000i\000l\000n\000\355\000\040\000a\000p\000l\000i\000k\000a\000c\000i}{chapter.2}
\BOOKMARK [1][-]{section.2.4}{\376\377\000N\000e\000f\000u\000n\000k\001\015\000n\000\355\000\040\000p\000o\001\176\000a\000d\000a\000v\000k\000y\000\040\000n\000a\000\040\000m\000o\000b\000i\000l\000n\000\355\000\040\000a\000p\000l\000i\000k\000a\000c\000i}{chapter.2}
\BOOKMARK [0][-]{chapter*.3}{\376\377\000L\000i\000t\000e\000r\000a\000t\000u\000r\000a}{}
